UPT Index: 0 
LPT index: 784 
real address: 4c34a0 
Virtual Address: c44a0 
UPT Index: 0 
LPT index: 784 
real address: 4c34a0 
Virtual Address: c44a8 
UPT Index: 0 
LPT index: 784 
real address: 4c34a8 
Virtual Address: c44a8 
UPT Index: 0 
LPT index: 784 
real address: 4c34a8 
Virtual Address: c44b0 
UPT Index: 0 
LPT index: 784 
real address: 4c34b0 
Virtual Address: c44b0 
UPT Index: 0 
LPT index: 784 
real address: 4c34b0 
Virtual Address: c44b8 
UPT Index: 0 
LPT index: 784 
real address: 4c34b8 
Virtual Address: c44b8 
UPT Index: 0 
LPT index: 784 
real address: 4c34b8 
Virtual Address: c44c0 
UPT Index: 0 
LPT index: 784 
real address: 4c34c0 
Virtual Address: c44c0 
UPT Index: 0 
LPT index: 784 
real address: 4c34c0 
Virtual Address: c44c8 
UPT Index: 0 
LPT index: 784 
real address: 4c34c8 
Virtual Address: c44c8 
UPT Index: 0 
LPT index: 784 
real address: 4c34c8 
Virtual Address: c44d0 
UPT Index: 0 
LPT index: 784 
real address: 4c34d0 
Virtual Address: c44d0 
UPT Index: 0 
LPT index: 784 
real address: 4c34d0 
Virtual Address: c44d8 
UPT Index: 0 
LPT index: 784 
real address: 4c34d8 
Virtual Address: c44d8 
UPT Index: 0 
LPT index: 784 
real address: 4c34d8 
Virtual Address: c44e0 
UPT Index: 0 
LPT index: 784 
real address: 4c34e0 
Virtual Address: c44e0 
UPT Index: 0 
LPT index: 784 
real address: 4c34e0 
Virtual Address: c44e8 
UPT Index: 0 
LPT index: 784 
real address: 4c34e8 
Virtual Address: c44e8 
UPT Index: 0 
LPT index: 784 
real address: 4c34e8 
Virtual Address: c44f0 
UPT Index: 0 
LPT index: 784 
real address: 4c34f0 
Virtual Address: c44f0 
UPT Index: 0 
LPT index: 784 
real address: 4c34f0 
Virtual Address: c44f8 
UPT Index: 0 
LPT index: 784 
real address: 4c34f8 
Virtual Address: c44f8 
UPT Index: 0 
LPT index: 784 
real address: 4c34f8 
Virtual Address: c44f8 
UPT Index: 0 
LPT index: 784 
real address: 4c34f8 
1049412985280541648
