UPT Index: 0 
LPT index: 4 
real address: 4002c0 
Virtual Address: 12c0 
UPT Index: 0 
LPT index: 4 
real address: 4002c0 
Virtual Address: 12c8 
UPT Index: 0 
LPT index: 4 
real address: 4002c8 
Virtual Address: 12c8 
UPT Index: 0 
LPT index: 4 
real address: 4002c8 
Virtual Address: 12d0 
UPT Index: 0 
LPT index: 4 
real address: 4002d0 
Virtual Address: 12d0 
UPT Index: 0 
LPT index: 4 
real address: 4002d0 
Virtual Address: 12d8 
UPT Index: 0 
LPT index: 4 
real address: 4002d8 
Virtual Address: 12d8 
UPT Index: 0 
LPT index: 4 
real address: 4002d8 
Virtual Address: 12e0 
UPT Index: 0 
LPT index: 4 
real address: 4002e0 
Virtual Address: 12e0 
UPT Index: 0 
LPT index: 4 
real address: 4002e0 
Virtual Address: 12e8 
UPT Index: 0 
LPT index: 4 
real address: 4002e8 
Virtual Address: 12e8 
UPT Index: 0 
LPT index: 4 
real address: 4002e8 
Virtual Address: 12f0 
UPT Index: 0 
LPT index: 4 
real address: 4002f0 
Virtual Address: 12f0 
UPT Index: 0 
LPT index: 4 
real address: 4002f0 
Virtual Address: 12f8 
UPT Index: 0 
LPT index: 4 
real address: 4002f8 
Virtual Address: 12f8 
UPT Index: 0 
LPT index: 4 
real address: 4002f8 
Virtual Address: 1300 
UPT Index: 0 
LPT index: 4 
real address: 400300 
Virtual Address: 1300 
UPT Index: 0 
LPT index: 4 
real address: 400300 
Virtual Address: 1308 
UPT Index: 0 
LPT index: 4 
real address: 400308 
Virtual Address: 1308 
UPT Index: 0 
LPT index: 4 
real address: 400308 
Virtual Address: 1310 
UPT Index: 0 
LPT index: 4 
real address: 400310 
Virtual Address: 1310 
UPT Index: 0 
LPT index: 4 
real address: 400310 
Virtual Address: 1318 
UPT Index: 0 
LPT index: 4 
real address: 400318 
Virtual Address: 1318 
UPT Index: 0 
LPT index: 4 
real address: 400318 
Virtual Address: 1318 
UPT Index: 0 
LPT index: 4 
real address: 400318 
1517381580
