UPT Index: 0 
LPT index: 80 
real address: 413820 
Virtual Address: 14820 
UPT Index: 0 
LPT index: 80 
real address: 413820 
Virtual Address: 14828 
UPT Index: 0 
LPT index: 80 
real address: 413828 
Virtual Address: 14828 
UPT Index: 0 
LPT index: 80 
real address: 413828 
Virtual Address: 14830 
UPT Index: 0 
LPT index: 80 
real address: 413830 
Virtual Address: 14830 
UPT Index: 0 
LPT index: 80 
real address: 413830 
Virtual Address: 14838 
UPT Index: 0 
LPT index: 80 
real address: 413838 
Virtual Address: 14838 
UPT Index: 0 
LPT index: 80 
real address: 413838 
Virtual Address: 14840 
UPT Index: 0 
LPT index: 80 
real address: 413840 
Virtual Address: 14840 
UPT Index: 0 
LPT index: 80 
real address: 413840 
Virtual Address: 14848 
UPT Index: 0 
LPT index: 80 
real address: 413848 
Virtual Address: 14848 
UPT Index: 0 
LPT index: 80 
real address: 413848 
Virtual Address: 14850 
UPT Index: 0 
LPT index: 80 
real address: 413850 
Virtual Address: 14850 
UPT Index: 0 
LPT index: 80 
real address: 413850 
Virtual Address: 14858 
UPT Index: 0 
LPT index: 80 
real address: 413858 
Virtual Address: 14858 
UPT Index: 0 
LPT index: 80 
real address: 413858 
Virtual Address: 14860 
UPT Index: 0 
LPT index: 80 
real address: 413860 
Virtual Address: 14860 
UPT Index: 0 
LPT index: 80 
real address: 413860 
Virtual Address: 14868 
UPT Index: 0 
LPT index: 80 
real address: 413868 
Virtual Address: 14868 
UPT Index: 0 
LPT index: 80 
real address: 413868 
Virtual Address: 14870 
UPT Index: 0 
LPT index: 80 
real address: 413870 
Virtual Address: 14870 
UPT Index: 0 
LPT index: 80 
real address: 413870 
Virtual Address: 14878 
UPT Index: 0 
LPT index: 80 
real address: 413878 
Virtual Address: 14878 
UPT Index: 0 
LPT index: 80 
real address: 413878 
Virtual Address: 14878 
UPT Index: 0 
LPT index: 80 
real address: 413878 
3936075355969234664
