UPT Index: 0 
LPT index: 8 
real address: 40018a 
Virtual Address: 218a 
UPT Index: 0 
LPT index: 8 
real address: 40018a 
Virtual Address: 1f9e 
UPT Index: 0 
LPT index: 4 
real address: 402f9e 
Virtual Address: 1f9e 
UPT Index: 0 
LPT index: 4 
real address: 402f9e 
Virtual Address: 1d73 
UPT Index: 0 
LPT index: 4 
real address: 402d73 
Virtual Address: 1d73 
UPT Index: 0 
LPT index: 4 
real address: 402d73 
Virtual Address: 31b 
UPT Index: 0 
LPT index: 0 
real address: 40131b 
Virtual Address: 31b 
UPT Index: 0 
LPT index: 0 
real address: 40131b 
Virtual Address: 23a 
UPT Index: 0 
LPT index: 0 
real address: 40123a 
Virtual Address: 23a 
UPT Index: 0 
LPT index: 0 
real address: 40123a 
Virtual Address: 59a 
UPT Index: 0 
LPT index: 0 
real address: 40159a 
Virtual Address: 59a 
UPT Index: 0 
LPT index: 0 
real address: 40159a 
Virtual Address: 17a 
UPT Index: 0 
LPT index: 0 
real address: 40117a 
Virtual Address: 17a 
UPT Index: 0 
LPT index: 0 
real address: 40117a 
Virtual Address: 1d2b 
UPT Index: 0 
LPT index: 4 
real address: 402d2b 
Virtual Address: 1d2b 
UPT Index: 0 
LPT index: 4 
real address: 402d2b 
Virtual Address: 19c9 
UPT Index: 0 
LPT index: 4 
real address: 4029c9 
Virtual Address: 19c9 
UPT Index: 0 
LPT index: 4 
real address: 4029c9 
Virtual Address: 61 
UPT Index: 0 
LPT index: 0 
real address: 401061 
Virtual Address: 61 
UPT Index: 0 
LPT index: 0 
real address: 401061 
Virtual Address: b56 
UPT Index: 0 
LPT index: 0 
real address: 401b56 
Virtual Address: b56 
UPT Index: 0 
LPT index: 0 
real address: 401b56 
Virtual Address: cf5 
UPT Index: 0 
LPT index: 0 
real address: 401cf5 
Virtual Address: cf5 
UPT Index: 0 
LPT index: 0 
real address: 401cf5 
Virtual Address: 1ec 
UPT Index: 0 
LPT index: 0 
real address: 4011ec 
Total reps: 110
