Virtual Address: 53 
UPT Index: 0 
Virtual Address: 53 
UPT Index: 0 
LPT index: 0 
real address: 400053 
LPT index: 0 
real address: 53 
Virtual Address: 53 
UPT Index: 0 
LPT index: 0 
real address: 400053 
Virtual Address: 56 
UPT Index: 0 
LPT index: 0 
real address: 400056 
Virtual Address: 56 
UPT Index: 0 
LPT index: 0 
real address: 400056 
Virtual Address: 4d 
UPT Index: 0 
LPT index: 0 
real address: 40004d 
Virtual Address: 4d 
UPT Index: 0 
LPT index: 0 
real address: 40004d 
Virtual Address: f 
UPT Index: 0 
LPT index: 0 
real address: 40000f 
Virtual Address: f 
UPT Index: 0 
LPT index: 0 
real address: 40000f 
Virtual Address: 5d 
UPT Index: 0 
LPT index: 0 
real address: 40005d 
Virtual Address: 5d 
UPT Index: 0 
LPT index: 0 
real address: 40005d 
Virtual Address: 23 
UPT Index: 0 
LPT index: 0 
real address: 400023 
Virtual Address: 23 
UPT Index: 0 
LPT index: 0 
real address: 400023 
Virtual Address: 56 
UPT Index: 0 
LPT index: 0 
real address: 400056 
Total reps: 7
