UPT Index: 0 
LPT index: 68 
real address: 417a44 
Virtual Address: 11a44 
UPT Index: 0 
LPT index: 68 
real address: 417a44 
Virtual Address: 64f9 
UPT Index: 0 
LPT index: 24 
real address: 4154f9 
Virtual Address: 64f9 
UPT Index: 0 
LPT index: 24 
real address: 4154f9 
Virtual Address: ed 
UPT Index: 0 
LPT index: 0 
real address: 4090ed 
Virtual Address: ed 
UPT Index: 0 
LPT index: 0 
real address: 4090ed 
Virtual Address: 1c25 
UPT Index: 0 
LPT index: 4 
real address: 40fc25 
Virtual Address: 1c25 
UPT Index: 0 
LPT index: 4 
real address: 40fc25 
Virtual Address: 11d63 
UPT Index: 0 
LPT index: 68 
real address: 417d63 
Virtual Address: 11d63 
UPT Index: 0 
LPT index: 68 
real address: 417d63 
Virtual Address: 8991 
UPT Index: 0 
LPT index: 32 
real address: 413991 
Virtual Address: 8991 
UPT Index: 0 
LPT index: 32 
real address: 413991 
Virtual Address: bd86 
UPT Index: 0 
LPT index: 44 
real address: 404d86 
Virtual Address: bd86 
UPT Index: 0 
LPT index: 44 
real address: 404d86 
Virtual Address: 8881 
UPT Index: 0 
LPT index: 32 
real address: 413881 
Virtual Address: 8881 
UPT Index: 0 
LPT index: 32 
real address: 413881 
Virtual Address: 1629f 
UPT Index: 0 
LPT index: 88 
real address: 40229f 
Virtual Address: 1629f 
UPT Index: 0 
LPT index: 88 
real address: 40229f 
Virtual Address: 9009 
UPT Index: 0 
LPT index: 36 
real address: 403009 
Virtual Address: 9009 
UPT Index: 0 
LPT index: 36 
real address: 403009 
Virtual Address: 6f2a 
UPT Index: 0 
LPT index: 24 
real address: 415f2a 
Virtual Address: 6f2a 
UPT Index: 0 
LPT index: 24 
real address: 415f2a 
Virtual Address: 2a79 
UPT Index: 0 
LPT index: 8 
real address: 418a79 
Virtual Address: 2a79 
UPT Index: 0 
LPT index: 8 
real address: 418a79 
Virtual Address: 10835 
UPT Index: 0 
LPT index: 64 
real address: 40a835 
Total reps: 580
